[33mStarting up http-server, serving [39m[36m./[39m[33m
Available on:[39m
[32m  http://127.0.0.1:8080[39m
[32m  http://192.168.1.21:8080[39m
[32m  http://172.17.0.1:8080[39m
[32m  http://10.150.0.230:8080[39m
Hit CTRL-C to stop the server
[Fri Dec 02 2016 15:52:55 GMT+0100 (CET)] "[36mGET[39m [36m/[39m" "Mozilla/5.0 (X11; Linux x86_64) AppleWebKit/537.36 (KHTML, like Gecko) Chrome/53.0.2785.116 Safari/537.36"
[Fri Dec 02 2016 15:52:55 GMT+0100 (CET)] "[36mGET[39m [36m/reveal.js/css/reveal.css[39m" "Mozilla/5.0 (X11; Linux x86_64) AppleWebKit/537.36 (KHTML, like Gecko) Chrome/53.0.2785.116 Safari/537.36"
[Fri Dec 02 2016 15:52:55 GMT+0100 (CET)] "[36mGET[39m [36m/reveal.js/css/theme/black.css[39m" "Mozilla/5.0 (X11; Linux x86_64) AppleWebKit/537.36 (KHTML, like Gecko) Chrome/53.0.2785.116 Safari/537.36"
[Fri Dec 02 2016 15:52:55 GMT+0100 (CET)] "[36mGET[39m [36m/reveal.js/lib/css/zenburn.css[39m" "Mozilla/5.0 (X11; Linux x86_64) AppleWebKit/537.36 (KHTML, like Gecko) Chrome/53.0.2785.116 Safari/537.36"
[Fri Dec 02 2016 15:52:55 GMT+0100 (CET)] "[36mGET[39m [36m/reveal.js/lib/font/source-sans-pro/source-sans-pro.css[39m" "Mozilla/5.0 (X11; Linux x86_64) AppleWebKit/537.36 (KHTML, like Gecko) Chrome/53.0.2785.116 Safari/537.36"
[Fri Dec 02 2016 15:52:55 GMT+0100 (CET)] "[36mGET[39m [36m/reveal.js/lib/js/head.min.js[39m" "Mozilla/5.0 (X11; Linux x86_64) AppleWebKit/537.36 (KHTML, like Gecko) Chrome/53.0.2785.116 Safari/537.36"
[Fri Dec 02 2016 15:52:55 GMT+0100 (CET)] "[36mGET[39m [36m/reveal.js/js/reveal.js[39m" "Mozilla/5.0 (X11; Linux x86_64) AppleWebKit/537.36 (KHTML, like Gecko) Chrome/53.0.2785.116 Safari/537.36"
[Fri Dec 02 2016 15:52:55 GMT+0100 (CET)] "[36mGET[39m [36m/img/github.png[39m" "Mozilla/5.0 (X11; Linux x86_64) AppleWebKit/537.36 (KHTML, like Gecko) Chrome/53.0.2785.116 Safari/537.36"
[Fri Dec 02 2016 15:52:55 GMT+0100 (CET)] "[36mGET[39m [36m/img/twitter.png[39m" "Mozilla/5.0 (X11; Linux x86_64) AppleWebKit/537.36 (KHTML, like Gecko) Chrome/53.0.2785.116 Safari/537.36"
[Fri Dec 02 2016 15:52:55 GMT+0100 (CET)] "[36mGET[39m [36m/img/logo-big.jpeg[39m" "Mozilla/5.0 (X11; Linux x86_64) AppleWebKit/537.36 (KHTML, like Gecko) Chrome/53.0.2785.116 Safari/537.36"
[Fri Dec 02 2016 15:52:55 GMT+0100 (CET)] "[36mGET[39m [36m/img/gatling_createQuickies.png[39m" "Mozilla/5.0 (X11; Linux x86_64) AppleWebKit/537.36 (KHTML, like Gecko) Chrome/53.0.2785.116 Safari/537.36"
[Fri Dec 02 2016 15:52:55 GMT+0100 (CET)] "[36mGET[39m [36m/reveal.js/css/print/paper.css[39m" "Mozilla/5.0 (X11; Linux x86_64) AppleWebKit/537.36 (KHTML, like Gecko) Chrome/53.0.2785.116 Safari/537.36"
[Fri Dec 02 2016 15:52:55 GMT+0100 (CET)] "[36mGET[39m [36m/reveal.js/lib/font/source-sans-pro/source-sans-pro-regular.woff[39m" "Mozilla/5.0 (X11; Linux x86_64) AppleWebKit/537.36 (KHTML, like Gecko) Chrome/53.0.2785.116 Safari/537.36"
[Fri Dec 02 2016 15:52:55 GMT+0100 (CET)] "[36mGET[39m [36m/reveal.js/lib/font/source-sans-pro/source-sans-pro-italic.woff[39m" "Mozilla/5.0 (X11; Linux x86_64) AppleWebKit/537.36 (KHTML, like Gecko) Chrome/53.0.2785.116 Safari/537.36"
[Fri Dec 02 2016 15:52:55 GMT+0100 (CET)] "[36mGET[39m [36m/reveal.js/plugin/zoom-js/zoom.js[39m" "Mozilla/5.0 (X11; Linux x86_64) AppleWebKit/537.36 (KHTML, like Gecko) Chrome/53.0.2785.116 Safari/537.36"
[Fri Dec 02 2016 15:52:55 GMT+0100 (CET)] "[36mGET[39m [36m/reveal.js/plugin/notes/notes.js[39m" "Mozilla/5.0 (X11; Linux x86_64) AppleWebKit/537.36 (KHTML, like Gecko) Chrome/53.0.2785.116 Safari/537.36"
[Fri Dec 02 2016 15:52:55 GMT+0100 (CET)] "[36mGET[39m [36m/reveal.js/lib/font/source-sans-pro/source-sans-pro-semibold.woff[39m" "Mozilla/5.0 (X11; Linux x86_64) AppleWebKit/537.36 (KHTML, like Gecko) Chrome/53.0.2785.116 Safari/537.36"
[Fri Dec 02 2016 15:52:55 GMT+0100 (CET)] "[36mGET[39m [36m/favicon.ico[39m" "Mozilla/5.0 (X11; Linux x86_64) AppleWebKit/537.36 (KHTML, like Gecko) Chrome/53.0.2785.116 Safari/537.36"
[Fri Dec 02 2016 15:52:55 GMT+0100 (CET)] "[31mGET[39m [31m/favicon.ico[39m" Error ([31m404[39m): "[31mNot found[39m"
[Fri Dec 02 2016 15:59:09 GMT+0100 (CET)] "[36mGET[39m [36m/[39m" "Mozilla/5.0 (X11; Linux x86_64) AppleWebKit/537.36 (KHTML, like Gecko) Chrome/53.0.2785.116 Safari/537.36"
[Fri Dec 02 2016 15:59:09 GMT+0100 (CET)] "[36mGET[39m [36m/reveal.js/css/reveal.css[39m" "Mozilla/5.0 (X11; Linux x86_64) AppleWebKit/537.36 (KHTML, like Gecko) Chrome/53.0.2785.116 Safari/537.36"
[Fri Dec 02 2016 15:59:09 GMT+0100 (CET)] "[36mGET[39m [36m/reveal.js/css/theme/black.css[39m" "Mozilla/5.0 (X11; Linux x86_64) AppleWebKit/537.36 (KHTML, like Gecko) Chrome/53.0.2785.116 Safari/537.36"
[Fri Dec 02 2016 15:59:09 GMT+0100 (CET)] "[36mGET[39m [36m/reveal.js/lib/css/zenburn.css[39m" "Mozilla/5.0 (X11; Linux x86_64) AppleWebKit/537.36 (KHTML, like Gecko) Chrome/53.0.2785.116 Safari/537.36"
[Fri Dec 02 2016 15:59:09 GMT+0100 (CET)] "[36mGET[39m [36m/reveal.js/lib/font/source-sans-pro/source-sans-pro.css[39m" "Mozilla/5.0 (X11; Linux x86_64) AppleWebKit/537.36 (KHTML, like Gecko) Chrome/53.0.2785.116 Safari/537.36"
[Fri Dec 02 2016 15:59:09 GMT+0100 (CET)] "[36mGET[39m [36m/reveal.js/lib/js/head.min.js[39m" "Mozilla/5.0 (X11; Linux x86_64) AppleWebKit/537.36 (KHTML, like Gecko) Chrome/53.0.2785.116 Safari/537.36"
[Fri Dec 02 2016 15:59:09 GMT+0100 (CET)] "[36mGET[39m [36m/reveal.js/lib/font/source-sans-pro/source-sans-pro-regular.woff[39m" "Mozilla/5.0 (X11; Linux x86_64) AppleWebKit/537.36 (KHTML, like Gecko) Chrome/53.0.2785.116 Safari/537.36"
[Fri Dec 02 2016 15:59:09 GMT+0100 (CET)] "[36mGET[39m [36m/reveal.js/lib/font/source-sans-pro/source-sans-pro-italic.woff[39m" "Mozilla/5.0 (X11; Linux x86_64) AppleWebKit/537.36 (KHTML, like Gecko) Chrome/53.0.2785.116 Safari/537.36"
[Fri Dec 02 2016 15:59:09 GMT+0100 (CET)] "[36mGET[39m [36m/reveal.js/js/reveal.js[39m" "Mozilla/5.0 (X11; Linux x86_64) AppleWebKit/537.36 (KHTML, like Gecko) Chrome/53.0.2785.116 Safari/537.36"
[Fri Dec 02 2016 15:59:09 GMT+0100 (CET)] "[36mGET[39m [36m/img/github.png[39m" "Mozilla/5.0 (X11; Linux x86_64) AppleWebKit/537.36 (KHTML, like Gecko) Chrome/53.0.2785.116 Safari/537.36"
[Fri Dec 02 2016 15:59:09 GMT+0100 (CET)] "[36mGET[39m [36m/img/twitter.png[39m" "Mozilla/5.0 (X11; Linux x86_64) AppleWebKit/537.36 (KHTML, like Gecko) Chrome/53.0.2785.116 Safari/537.36"
[Fri Dec 02 2016 15:59:09 GMT+0100 (CET)] "[36mGET[39m [36m/img/logo-big.jpeg[39m" "Mozilla/5.0 (X11; Linux x86_64) AppleWebKit/537.36 (KHTML, like Gecko) Chrome/53.0.2785.116 Safari/537.36"
[Fri Dec 02 2016 15:59:09 GMT+0100 (CET)] "[36mGET[39m [36m/img/gatling_createQuickies.png[39m" "Mozilla/5.0 (X11; Linux x86_64) AppleWebKit/537.36 (KHTML, like Gecko) Chrome/53.0.2785.116 Safari/537.36"
[Fri Dec 02 2016 15:59:09 GMT+0100 (CET)] "[36mGET[39m [36m/reveal.js/css/print/paper.css[39m" "Mozilla/5.0 (X11; Linux x86_64) AppleWebKit/537.36 (KHTML, like Gecko) Chrome/53.0.2785.116 Safari/537.36"
[Fri Dec 02 2016 15:59:09 GMT+0100 (CET)] "[36mGET[39m [36m/reveal.js/plugin/zoom-js/zoom.js[39m" "Mozilla/5.0 (X11; Linux x86_64) AppleWebKit/537.36 (KHTML, like Gecko) Chrome/53.0.2785.116 Safari/537.36"
[Fri Dec 02 2016 15:59:09 GMT+0100 (CET)] "[36mGET[39m [36m/reveal.js/plugin/notes/notes.js[39m" "Mozilla/5.0 (X11; Linux x86_64) AppleWebKit/537.36 (KHTML, like Gecko) Chrome/53.0.2785.116 Safari/537.36"
[Fri Dec 02 2016 15:59:10 GMT+0100 (CET)] "[36mGET[39m [36m/reveal.js/lib/font/source-sans-pro/source-sans-pro-semibold.woff[39m" "Mozilla/5.0 (X11; Linux x86_64) AppleWebKit/537.36 (KHTML, like Gecko) Chrome/53.0.2785.116 Safari/537.36"
[Fri Dec 02 2016 16:05:26 GMT+0100 (CET)] "[36mGET[39m [36m/[39m" "Mozilla/5.0 (X11; Linux x86_64) AppleWebKit/537.36 (KHTML, like Gecko) Ubuntu Chromium/53.0.2785.143 Chrome/53.0.2785.143 Safari/537.36"
[Fri Dec 02 2016 16:05:26 GMT+0100 (CET)] "[36mGET[39m [36m/reveal.js/css/reveal.css[39m" "Mozilla/5.0 (X11; Linux x86_64) AppleWebKit/537.36 (KHTML, like Gecko) Ubuntu Chromium/53.0.2785.143 Chrome/53.0.2785.143 Safari/537.36"
[Fri Dec 02 2016 16:05:26 GMT+0100 (CET)] "[36mGET[39m [36m/reveal.js/css/theme/black.css[39m" "Mozilla/5.0 (X11; Linux x86_64) AppleWebKit/537.36 (KHTML, like Gecko) Ubuntu Chromium/53.0.2785.143 Chrome/53.0.2785.143 Safari/537.36"
[Fri Dec 02 2016 16:05:26 GMT+0100 (CET)] "[36mGET[39m [36m/reveal.js/lib/css/zenburn.css[39m" "Mozilla/5.0 (X11; Linux x86_64) AppleWebKit/537.36 (KHTML, like Gecko) Ubuntu Chromium/53.0.2785.143 Chrome/53.0.2785.143 Safari/537.36"
[Fri Dec 02 2016 16:05:26 GMT+0100 (CET)] "[36mGET[39m [36m/img/github.png[39m" "Mozilla/5.0 (X11; Linux x86_64) AppleWebKit/537.36 (KHTML, like Gecko) Ubuntu Chromium/53.0.2785.143 Chrome/53.0.2785.143 Safari/537.36"
[Fri Dec 02 2016 16:05:26 GMT+0100 (CET)] "[36mGET[39m [36m/reveal.js/lib/font/source-sans-pro/source-sans-pro.css[39m" "Mozilla/5.0 (X11; Linux x86_64) AppleWebKit/537.36 (KHTML, like Gecko) Ubuntu Chromium/53.0.2785.143 Chrome/53.0.2785.143 Safari/537.36"
[Fri Dec 02 2016 16:05:26 GMT+0100 (CET)] "[36mGET[39m [36m/reveal.js/lib/js/head.min.js[39m" "Mozilla/5.0 (X11; Linux x86_64) AppleWebKit/537.36 (KHTML, like Gecko) Ubuntu Chromium/53.0.2785.143 Chrome/53.0.2785.143 Safari/537.36"
[Fri Dec 02 2016 16:05:26 GMT+0100 (CET)] "[36mGET[39m [36m/reveal.js/js/reveal.js[39m" "Mozilla/5.0 (X11; Linux x86_64) AppleWebKit/537.36 (KHTML, like Gecko) Ubuntu Chromium/53.0.2785.143 Chrome/53.0.2785.143 Safari/537.36"
[Fri Dec 02 2016 16:05:26 GMT+0100 (CET)] "[36mGET[39m [36m/img/twitter.png[39m" "Mozilla/5.0 (X11; Linux x86_64) AppleWebKit/537.36 (KHTML, like Gecko) Ubuntu Chromium/53.0.2785.143 Chrome/53.0.2785.143 Safari/537.36"
[Fri Dec 02 2016 16:05:26 GMT+0100 (CET)] "[36mGET[39m [36m/img/logo-big.jpeg[39m" "Mozilla/5.0 (X11; Linux x86_64) AppleWebKit/537.36 (KHTML, like Gecko) Ubuntu Chromium/53.0.2785.143 Chrome/53.0.2785.143 Safari/537.36"
[Fri Dec 02 2016 16:05:26 GMT+0100 (CET)] "[36mGET[39m [36m/img/gatling_createQuickies.png[39m" "Mozilla/5.0 (X11; Linux x86_64) AppleWebKit/537.36 (KHTML, like Gecko) Ubuntu Chromium/53.0.2785.143 Chrome/53.0.2785.143 Safari/537.36"
[Fri Dec 02 2016 16:05:26 GMT+0100 (CET)] "[36mGET[39m [36m/reveal.js/css/print/paper.css[39m" "Mozilla/5.0 (X11; Linux x86_64) AppleWebKit/537.36 (KHTML, like Gecko) Ubuntu Chromium/53.0.2785.143 Chrome/53.0.2785.143 Safari/537.36"
[Fri Dec 02 2016 16:05:26 GMT+0100 (CET)] "[36mGET[39m [36m/reveal.js/lib/font/source-sans-pro/source-sans-pro-italic.woff[39m" "Mozilla/5.0 (X11; Linux x86_64) AppleWebKit/537.36 (KHTML, like Gecko) Ubuntu Chromium/53.0.2785.143 Chrome/53.0.2785.143 Safari/537.36"
[Fri Dec 02 2016 16:05:26 GMT+0100 (CET)] "[36mGET[39m [36m/reveal.js/lib/font/source-sans-pro/source-sans-pro-regular.woff[39m" "Mozilla/5.0 (X11; Linux x86_64) AppleWebKit/537.36 (KHTML, like Gecko) Ubuntu Chromium/53.0.2785.143 Chrome/53.0.2785.143 Safari/537.36"
[Fri Dec 02 2016 16:05:26 GMT+0100 (CET)] "[36mGET[39m [36m/reveal.js/plugin/zoom-js/zoom.js[39m" "Mozilla/5.0 (X11; Linux x86_64) AppleWebKit/537.36 (KHTML, like Gecko) Ubuntu Chromium/53.0.2785.143 Chrome/53.0.2785.143 Safari/537.36"
[Fri Dec 02 2016 16:05:26 GMT+0100 (CET)] "[36mGET[39m [36m/reveal.js/plugin/notes/notes.js[39m" "Mozilla/5.0 (X11; Linux x86_64) AppleWebKit/537.36 (KHTML, like Gecko) Ubuntu Chromium/53.0.2785.143 Chrome/53.0.2785.143 Safari/537.36"
[Fri Dec 02 2016 16:05:26 GMT+0100 (CET)] "[36mGET[39m [36m/reveal.js/lib/font/source-sans-pro/source-sans-pro-semibold.woff[39m" "Mozilla/5.0 (X11; Linux x86_64) AppleWebKit/537.36 (KHTML, like Gecko) Ubuntu Chromium/53.0.2785.143 Chrome/53.0.2785.143 Safari/537.36"
[Fri Dec 02 2016 16:05:26 GMT+0100 (CET)] "[36mGET[39m [36m/favicon.ico[39m" "Mozilla/5.0 (X11; Linux x86_64) AppleWebKit/537.36 (KHTML, like Gecko) Ubuntu Chromium/53.0.2785.143 Chrome/53.0.2785.143 Safari/537.36"
[Fri Dec 02 2016 16:05:26 GMT+0100 (CET)] "[31mGET[39m [31m/favicon.ico[39m" Error ([31m404[39m): "[31mNot found[39m"
[Fri Dec 02 2016 16:09:43 GMT+0100 (CET)] "[36mGET[39m [36m/[39m" "Mozilla/5.0 (X11; Linux x86_64) AppleWebKit/537.36 (KHTML, like Gecko) Ubuntu Chromium/53.0.2785.143 Chrome/53.0.2785.143 Safari/537.36"
[Fri Dec 02 2016 16:09:43 GMT+0100 (CET)] "[36mGET[39m [36m/reveal.js/css/reveal.css[39m" "Mozilla/5.0 (X11; Linux x86_64) AppleWebKit/537.36 (KHTML, like Gecko) Ubuntu Chromium/53.0.2785.143 Chrome/53.0.2785.143 Safari/537.36"
[Fri Dec 02 2016 16:09:43 GMT+0100 (CET)] "[36mGET[39m [36m/reveal.js/css/theme/black.css[39m" "Mozilla/5.0 (X11; Linux x86_64) AppleWebKit/537.36 (KHTML, like Gecko) Ubuntu Chromium/53.0.2785.143 Chrome/53.0.2785.143 Safari/537.36"
[Fri Dec 02 2016 16:09:43 GMT+0100 (CET)] "[36mGET[39m [36m/reveal.js/lib/css/zenburn.css[39m" "Mozilla/5.0 (X11; Linux x86_64) AppleWebKit/537.36 (KHTML, like Gecko) Ubuntu Chromium/53.0.2785.143 Chrome/53.0.2785.143 Safari/537.36"
[Fri Dec 02 2016 16:09:43 GMT+0100 (CET)] "[36mGET[39m [36m/reveal.js/lib/js/head.min.js[39m" "Mozilla/5.0 (X11; Linux x86_64) AppleWebKit/537.36 (KHTML, like Gecko) Ubuntu Chromium/53.0.2785.143 Chrome/53.0.2785.143 Safari/537.36"
[Fri Dec 02 2016 16:09:43 GMT+0100 (CET)] "[36mGET[39m [36m/reveal.js/js/reveal.js[39m" "Mozilla/5.0 (X11; Linux x86_64) AppleWebKit/537.36 (KHTML, like Gecko) Ubuntu Chromium/53.0.2785.143 Chrome/53.0.2785.143 Safari/537.36"
[Fri Dec 02 2016 16:09:43 GMT+0100 (CET)] "[36mGET[39m [36m/reveal.js/lib/font/source-sans-pro/source-sans-pro.css[39m" "Mozilla/5.0 (X11; Linux x86_64) AppleWebKit/537.36 (KHTML, like Gecko) Ubuntu Chromium/53.0.2785.143 Chrome/53.0.2785.143 Safari/537.36"
[Fri Dec 02 2016 16:09:43 GMT+0100 (CET)] "[36mGET[39m [36m/img/github.png[39m" "Mozilla/5.0 (X11; Linux x86_64) AppleWebKit/537.36 (KHTML, like Gecko) Ubuntu Chromium/53.0.2785.143 Chrome/53.0.2785.143 Safari/537.36"
[Fri Dec 02 2016 16:09:43 GMT+0100 (CET)] "[36mGET[39m [36m/img/twitter.png[39m" "Mozilla/5.0 (X11; Linux x86_64) AppleWebKit/537.36 (KHTML, like Gecko) Ubuntu Chromium/53.0.2785.143 Chrome/53.0.2785.143 Safari/537.36"
[Fri Dec 02 2016 16:09:43 GMT+0100 (CET)] "[36mGET[39m [36m/img/logo-big.jpeg[39m" "Mozilla/5.0 (X11; Linux x86_64) AppleWebKit/537.36 (KHTML, like Gecko) Ubuntu Chromium/53.0.2785.143 Chrome/53.0.2785.143 Safari/537.36"
[Fri Dec 02 2016 16:09:43 GMT+0100 (CET)] "[36mGET[39m [36m/img/gatling_createQuickies.png[39m" "Mozilla/5.0 (X11; Linux x86_64) AppleWebKit/537.36 (KHTML, like Gecko) Ubuntu Chromium/53.0.2785.143 Chrome/53.0.2785.143 Safari/537.36"
[Fri Dec 02 2016 16:09:43 GMT+0100 (CET)] "[36mGET[39m [36m/reveal.js/css/print/paper.css[39m" "Mozilla/5.0 (X11; Linux x86_64) AppleWebKit/537.36 (KHTML, like Gecko) Ubuntu Chromium/53.0.2785.143 Chrome/53.0.2785.143 Safari/537.36"
[Fri Dec 02 2016 16:09:43 GMT+0100 (CET)] "[36mGET[39m [36m/reveal.js/lib/font/source-sans-pro/source-sans-pro-italic.woff[39m" "Mozilla/5.0 (X11; Linux x86_64) AppleWebKit/537.36 (KHTML, like Gecko) Ubuntu Chromium/53.0.2785.143 Chrome/53.0.2785.143 Safari/537.36"
[Fri Dec 02 2016 16:09:43 GMT+0100 (CET)] "[36mGET[39m [36m/reveal.js/lib/font/source-sans-pro/source-sans-pro-regular.woff[39m" "Mozilla/5.0 (X11; Linux x86_64) AppleWebKit/537.36 (KHTML, like Gecko) Ubuntu Chromium/53.0.2785.143 Chrome/53.0.2785.143 Safari/537.36"
[Fri Dec 02 2016 16:09:43 GMT+0100 (CET)] "[36mGET[39m [36m/reveal.js/plugin/zoom-js/zoom.js[39m" "Mozilla/5.0 (X11; Linux x86_64) AppleWebKit/537.36 (KHTML, like Gecko) Ubuntu Chromium/53.0.2785.143 Chrome/53.0.2785.143 Safari/537.36"
[Fri Dec 02 2016 16:09:43 GMT+0100 (CET)] "[36mGET[39m [36m/reveal.js/plugin/notes/notes.js[39m" "Mozilla/5.0 (X11; Linux x86_64) AppleWebKit/537.36 (KHTML, like Gecko) Ubuntu Chromium/53.0.2785.143 Chrome/53.0.2785.143 Safari/537.36"
[Fri Dec 02 2016 16:09:43 GMT+0100 (CET)] "[36mGET[39m [36m/reveal.js/lib/font/source-sans-pro/source-sans-pro-semibold.woff[39m" "Mozilla/5.0 (X11; Linux x86_64) AppleWebKit/537.36 (KHTML, like Gecko) Ubuntu Chromium/53.0.2785.143 Chrome/53.0.2785.143 Safari/537.36"
[Fri Dec 02 2016 16:09:43 GMT+0100 (CET)] "[36mGET[39m [36m/favicon.ico[39m" "Mozilla/5.0 (X11; Linux x86_64) AppleWebKit/537.36 (KHTML, like Gecko) Ubuntu Chromium/53.0.2785.143 Chrome/53.0.2785.143 Safari/537.36"
[Fri Dec 02 2016 16:09:43 GMT+0100 (CET)] "[31mGET[39m [31m/favicon.ico[39m" Error ([31m404[39m): "[31mNot found[39m"
[Fri Dec 02 2016 16:09:47 GMT+0100 (CET)] "[36mGET[39m [36m/reveal.js/plugin/notes/notes.html[39m" "Mozilla/5.0 (X11; Linux x86_64) AppleWebKit/537.36 (KHTML, like Gecko) Ubuntu Chromium/53.0.2785.143 Chrome/53.0.2785.143 Safari/537.36"
[Fri Dec 02 2016 16:09:47 GMT+0100 (CET)] "[36mGET[39m [36m/reveal.js/plugin/markdown/marked.js[39m" "Mozilla/5.0 (X11; Linux x86_64) AppleWebKit/537.36 (KHTML, like Gecko) Ubuntu Chromium/53.0.2785.143 Chrome/53.0.2785.143 Safari/537.36"
[Fri Dec 02 2016 16:09:48 GMT+0100 (CET)] "[36mGET[39m [36m/?receiver&progress=false&history=false&transition=none&autoSlide=0&backgroundTransition=none&postMessageEvents=true[39m" "Mozilla/5.0 (X11; Linux x86_64) AppleWebKit/537.36 (KHTML, like Gecko) Ubuntu Chromium/53.0.2785.143 Chrome/53.0.2785.143 Safari/537.36"
[Fri Dec 02 2016 16:09:48 GMT+0100 (CET)] "[36mGET[39m [36m/?receiver&progress=false&history=false&transition=none&autoSlide=0&backgroundTransition=none&controls=false[39m" "Mozilla/5.0 (X11; Linux x86_64) AppleWebKit/537.36 (KHTML, like Gecko) Ubuntu Chromium/53.0.2785.143 Chrome/53.0.2785.143 Safari/537.36"
[Fri Dec 02 2016 16:11:11 GMT+0100 (CET)] "[36mGET[39m [36m/[39m" "Mozilla/5.0 (X11; Linux x86_64) AppleWebKit/537.36 (KHTML, like Gecko) Ubuntu Chromium/53.0.2785.143 Chrome/53.0.2785.143 Safari/537.36"
[Fri Dec 02 2016 16:11:11 GMT+0100 (CET)] "[36mGET[39m [36m/reveal.js/css/reveal.css[39m" "Mozilla/5.0 (X11; Linux x86_64) AppleWebKit/537.36 (KHTML, like Gecko) Ubuntu Chromium/53.0.2785.143 Chrome/53.0.2785.143 Safari/537.36"
[Fri Dec 02 2016 16:11:11 GMT+0100 (CET)] "[36mGET[39m [36m/reveal.js/css/theme/black.css[39m" "Mozilla/5.0 (X11; Linux x86_64) AppleWebKit/537.36 (KHTML, like Gecko) Ubuntu Chromium/53.0.2785.143 Chrome/53.0.2785.143 Safari/537.36"
[Fri Dec 02 2016 16:11:11 GMT+0100 (CET)] "[36mGET[39m [36m/reveal.js/lib/css/zenburn.css[39m" "Mozilla/5.0 (X11; Linux x86_64) AppleWebKit/537.36 (KHTML, like Gecko) Ubuntu Chromium/53.0.2785.143 Chrome/53.0.2785.143 Safari/537.36"
[Fri Dec 02 2016 16:11:11 GMT+0100 (CET)] "[36mGET[39m [36m/img/github.png[39m" "Mozilla/5.0 (X11; Linux x86_64) AppleWebKit/537.36 (KHTML, like Gecko) Ubuntu Chromium/53.0.2785.143 Chrome/53.0.2785.143 Safari/537.36"
[Fri Dec 02 2016 16:11:11 GMT+0100 (CET)] "[36mGET[39m [36m/reveal.js/lib/font/source-sans-pro/source-sans-pro.css[39m" "Mozilla/5.0 (X11; Linux x86_64) AppleWebKit/537.36 (KHTML, like Gecko) Ubuntu Chromium/53.0.2785.143 Chrome/53.0.2785.143 Safari/537.36"
[Fri Dec 02 2016 16:11:11 GMT+0100 (CET)] "[36mGET[39m [36m/reveal.js/lib/js/head.min.js[39m" "Mozilla/5.0 (X11; Linux x86_64) AppleWebKit/537.36 (KHTML, like Gecko) Ubuntu Chromium/53.0.2785.143 Chrome/53.0.2785.143 Safari/537.36"
[Fri Dec 02 2016 16:11:11 GMT+0100 (CET)] "[36mGET[39m [36m/reveal.js/js/reveal.js[39m" "Mozilla/5.0 (X11; Linux x86_64) AppleWebKit/537.36 (KHTML, like Gecko) Ubuntu Chromium/53.0.2785.143 Chrome/53.0.2785.143 Safari/537.36"
[Fri Dec 02 2016 16:11:12 GMT+0100 (CET)] "[36mGET[39m [36m/img/twitter.png[39m" "Mozilla/5.0 (X11; Linux x86_64) AppleWebKit/537.36 (KHTML, like Gecko) Ubuntu Chromium/53.0.2785.143 Chrome/53.0.2785.143 Safari/537.36"
[Fri Dec 02 2016 16:11:12 GMT+0100 (CET)] "[36mGET[39m [36m/img/logo-big.jpeg[39m" "Mozilla/5.0 (X11; Linux x86_64) AppleWebKit/537.36 (KHTML, like Gecko) Ubuntu Chromium/53.0.2785.143 Chrome/53.0.2785.143 Safari/537.36"
[Fri Dec 02 2016 16:11:12 GMT+0100 (CET)] "[36mGET[39m [36m/img/gatling_createQuickies.png[39m" "Mozilla/5.0 (X11; Linux x86_64) AppleWebKit/537.36 (KHTML, like Gecko) Ubuntu Chromium/53.0.2785.143 Chrome/53.0.2785.143 Safari/537.36"
[Fri Dec 02 2016 16:11:12 GMT+0100 (CET)] "[36mGET[39m [36m/reveal.js/css/print/paper.css[39m" "Mozilla/5.0 (X11; Linux x86_64) AppleWebKit/537.36 (KHTML, like Gecko) Ubuntu Chromium/53.0.2785.143 Chrome/53.0.2785.143 Safari/537.36"
[Fri Dec 02 2016 16:11:12 GMT+0100 (CET)] "[36mGET[39m [36m/reveal.js/lib/font/source-sans-pro/source-sans-pro-italic.woff[39m" "Mozilla/5.0 (X11; Linux x86_64) AppleWebKit/537.36 (KHTML, like Gecko) Ubuntu Chromium/53.0.2785.143 Chrome/53.0.2785.143 Safari/537.36"
[Fri Dec 02 2016 16:11:12 GMT+0100 (CET)] "[36mGET[39m [36m/reveal.js/lib/font/source-sans-pro/source-sans-pro-regular.woff[39m" "Mozilla/5.0 (X11; Linux x86_64) AppleWebKit/537.36 (KHTML, like Gecko) Ubuntu Chromium/53.0.2785.143 Chrome/53.0.2785.143 Safari/537.36"
[Fri Dec 02 2016 16:11:12 GMT+0100 (CET)] "[36mGET[39m [36m/reveal.js/plugin/zoom-js/zoom.js[39m" "Mozilla/5.0 (X11; Linux x86_64) AppleWebKit/537.36 (KHTML, like Gecko) Ubuntu Chromium/53.0.2785.143 Chrome/53.0.2785.143 Safari/537.36"
[Fri Dec 02 2016 16:11:12 GMT+0100 (CET)] "[36mGET[39m [36m/reveal.js/plugin/notes/notes.js[39m" "Mozilla/5.0 (X11; Linux x86_64) AppleWebKit/537.36 (KHTML, like Gecko) Ubuntu Chromium/53.0.2785.143 Chrome/53.0.2785.143 Safari/537.36"
[Fri Dec 02 2016 16:11:12 GMT+0100 (CET)] "[36mGET[39m [36m/reveal.js/lib/font/source-sans-pro/source-sans-pro-semibold.woff[39m" "Mozilla/5.0 (X11; Linux x86_64) AppleWebKit/537.36 (KHTML, like Gecko) Ubuntu Chromium/53.0.2785.143 Chrome/53.0.2785.143 Safari/537.36"
[Fri Dec 02 2016 16:13:02 GMT+0100 (CET)] "[36mGET[39m [36m/[39m" "Mozilla/5.0 (X11; Linux x86_64) AppleWebKit/537.36 (KHTML, like Gecko) Ubuntu Chromium/53.0.2785.143 Chrome/53.0.2785.143 Safari/537.36"
[Fri Dec 02 2016 16:13:02 GMT+0100 (CET)] "[36mGET[39m [36m/reveal.js/css/reveal.css[39m" "Mozilla/5.0 (X11; Linux x86_64) AppleWebKit/537.36 (KHTML, like Gecko) Ubuntu Chromium/53.0.2785.143 Chrome/53.0.2785.143 Safari/537.36"
[Fri Dec 02 2016 16:13:02 GMT+0100 (CET)] "[36mGET[39m [36m/reveal.js/css/theme/black.css[39m" "Mozilla/5.0 (X11; Linux x86_64) AppleWebKit/537.36 (KHTML, like Gecko) Ubuntu Chromium/53.0.2785.143 Chrome/53.0.2785.143 Safari/537.36"
[Fri Dec 02 2016 16:13:02 GMT+0100 (CET)] "[36mGET[39m [36m/reveal.js/lib/css/zenburn.css[39m" "Mozilla/5.0 (X11; Linux x86_64) AppleWebKit/537.36 (KHTML, like Gecko) Ubuntu Chromium/53.0.2785.143 Chrome/53.0.2785.143 Safari/537.36"
[Fri Dec 02 2016 16:13:02 GMT+0100 (CET)] "[36mGET[39m [36m/reveal.js/lib/js/head.min.js[39m" "Mozilla/5.0 (X11; Linux x86_64) AppleWebKit/537.36 (KHTML, like Gecko) Ubuntu Chromium/53.0.2785.143 Chrome/53.0.2785.143 Safari/537.36"
[Fri Dec 02 2016 16:13:02 GMT+0100 (CET)] "[36mGET[39m [36m/reveal.js/js/reveal.js[39m" "Mozilla/5.0 (X11; Linux x86_64) AppleWebKit/537.36 (KHTML, like Gecko) Ubuntu Chromium/53.0.2785.143 Chrome/53.0.2785.143 Safari/537.36"
[Fri Dec 02 2016 16:13:02 GMT+0100 (CET)] "[36mGET[39m [36m/img/github.png[39m" "Mozilla/5.0 (X11; Linux x86_64) AppleWebKit/537.36 (KHTML, like Gecko) Ubuntu Chromium/53.0.2785.143 Chrome/53.0.2785.143 Safari/537.36"
[Fri Dec 02 2016 16:13:02 GMT+0100 (CET)] "[36mGET[39m [36m/reveal.js/lib/font/source-sans-pro/source-sans-pro.css[39m" "Mozilla/5.0 (X11; Linux x86_64) AppleWebKit/537.36 (KHTML, like Gecko) Ubuntu Chromium/53.0.2785.143 Chrome/53.0.2785.143 Safari/537.36"
[Fri Dec 02 2016 16:13:02 GMT+0100 (CET)] "[36mGET[39m [36m/img/twitter.png[39m" "Mozilla/5.0 (X11; Linux x86_64) AppleWebKit/537.36 (KHTML, like Gecko) Ubuntu Chromium/53.0.2785.143 Chrome/53.0.2785.143 Safari/537.36"
[Fri Dec 02 2016 16:13:02 GMT+0100 (CET)] "[36mGET[39m [36m/img/logo-big.jpeg[39m" "Mozilla/5.0 (X11; Linux x86_64) AppleWebKit/537.36 (KHTML, like Gecko) Ubuntu Chromium/53.0.2785.143 Chrome/53.0.2785.143 Safari/537.36"
[Fri Dec 02 2016 16:13:02 GMT+0100 (CET)] "[36mGET[39m [36m/img/gatling_createQuickies.png[39m" "Mozilla/5.0 (X11; Linux x86_64) AppleWebKit/537.36 (KHTML, like Gecko) Ubuntu Chromium/53.0.2785.143 Chrome/53.0.2785.143 Safari/537.36"
[Fri Dec 02 2016 16:13:02 GMT+0100 (CET)] "[36mGET[39m [36m/reveal.js/css/print/paper.css[39m" "Mozilla/5.0 (X11; Linux x86_64) AppleWebKit/537.36 (KHTML, like Gecko) Ubuntu Chromium/53.0.2785.143 Chrome/53.0.2785.143 Safari/537.36"
[Fri Dec 02 2016 16:13:02 GMT+0100 (CET)] "[36mGET[39m [36m/reveal.js/plugin/zoom-js/zoom.js[39m" "Mozilla/5.0 (X11; Linux x86_64) AppleWebKit/537.36 (KHTML, like Gecko) Ubuntu Chromium/53.0.2785.143 Chrome/53.0.2785.143 Safari/537.36"
[Fri Dec 02 2016 16:13:02 GMT+0100 (CET)] "[36mGET[39m [36m/reveal.js/plugin/notes/notes.js[39m" "Mozilla/5.0 (X11; Linux x86_64) AppleWebKit/537.36 (KHTML, like Gecko) Ubuntu Chromium/53.0.2785.143 Chrome/53.0.2785.143 Safari/537.36"
[Fri Dec 02 2016 16:13:02 GMT+0100 (CET)] "[36mGET[39m [36m/reveal.js/lib/font/source-sans-pro/source-sans-pro-italic.woff[39m" "Mozilla/5.0 (X11; Linux x86_64) AppleWebKit/537.36 (KHTML, like Gecko) Ubuntu Chromium/53.0.2785.143 Chrome/53.0.2785.143 Safari/537.36"
[Fri Dec 02 2016 16:13:02 GMT+0100 (CET)] "[36mGET[39m [36m/reveal.js/lib/font/source-sans-pro/source-sans-pro-regular.woff[39m" "Mozilla/5.0 (X11; Linux x86_64) AppleWebKit/537.36 (KHTML, like Gecko) Ubuntu Chromium/53.0.2785.143 Chrome/53.0.2785.143 Safari/537.36"
[Fri Dec 02 2016 16:13:02 GMT+0100 (CET)] "[36mGET[39m [36m/reveal.js/lib/font/source-sans-pro/source-sans-pro-semibold.woff[39m" "Mozilla/5.0 (X11; Linux x86_64) AppleWebKit/537.36 (KHTML, like Gecko) Ubuntu Chromium/53.0.2785.143 Chrome/53.0.2785.143 Safari/537.36"
[Fri Dec 02 2016 16:15:59 GMT+0100 (CET)] "[36mGET[39m [36m/[39m" "Mozilla/5.0 (X11; Linux x86_64) AppleWebKit/537.36 (KHTML, like Gecko) Chrome/53.0.2785.116 Safari/537.36"
[Fri Dec 02 2016 16:15:59 GMT+0100 (CET)] "[36mGET[39m [36m/reveal.js/css/reveal.css[39m" "Mozilla/5.0 (X11; Linux x86_64) AppleWebKit/537.36 (KHTML, like Gecko) Chrome/53.0.2785.116 Safari/537.36"
[Fri Dec 02 2016 16:15:59 GMT+0100 (CET)] "[36mGET[39m [36m/reveal.js/css/theme/black.css[39m" "Mozilla/5.0 (X11; Linux x86_64) AppleWebKit/537.36 (KHTML, like Gecko) Chrome/53.0.2785.116 Safari/537.36"
[Fri Dec 02 2016 16:15:59 GMT+0100 (CET)] "[36mGET[39m [36m/reveal.js/lib/css/zenburn.css[39m" "Mozilla/5.0 (X11; Linux x86_64) AppleWebKit/537.36 (KHTML, like Gecko) Chrome/53.0.2785.116 Safari/537.36"
[Fri Dec 02 2016 16:15:59 GMT+0100 (CET)] "[36mGET[39m [36m/reveal.js/lib/js/head.min.js[39m" "Mozilla/5.0 (X11; Linux x86_64) AppleWebKit/537.36 (KHTML, like Gecko) Chrome/53.0.2785.116 Safari/537.36"
[Fri Dec 02 2016 16:15:59 GMT+0100 (CET)] "[36mGET[39m [36m/reveal.js/lib/font/source-sans-pro/source-sans-pro.css[39m" "Mozilla/5.0 (X11; Linux x86_64) AppleWebKit/537.36 (KHTML, like Gecko) Chrome/53.0.2785.116 Safari/537.36"
[Fri Dec 02 2016 16:15:59 GMT+0100 (CET)] "[36mGET[39m [36m/reveal.js/js/reveal.js[39m" "Mozilla/5.0 (X11; Linux x86_64) AppleWebKit/537.36 (KHTML, like Gecko) Chrome/53.0.2785.116 Safari/537.36"
[Fri Dec 02 2016 16:15:59 GMT+0100 (CET)] "[36mGET[39m [36m/img/github.png[39m" "Mozilla/5.0 (X11; Linux x86_64) AppleWebKit/537.36 (KHTML, like Gecko) Chrome/53.0.2785.116 Safari/537.36"
[Fri Dec 02 2016 16:15:59 GMT+0100 (CET)] "[36mGET[39m [36m/img/twitter.png[39m" "Mozilla/5.0 (X11; Linux x86_64) AppleWebKit/537.36 (KHTML, like Gecko) Chrome/53.0.2785.116 Safari/537.36"
[Fri Dec 02 2016 16:15:59 GMT+0100 (CET)] "[36mGET[39m [36m/img/logo-big.jpeg[39m" "Mozilla/5.0 (X11; Linux x86_64) AppleWebKit/537.36 (KHTML, like Gecko) Chrome/53.0.2785.116 Safari/537.36"
[Fri Dec 02 2016 16:15:59 GMT+0100 (CET)] "[36mGET[39m [36m/img/gatling_createQuickies.png[39m" "Mozilla/5.0 (X11; Linux x86_64) AppleWebKit/537.36 (KHTML, like Gecko) Chrome/53.0.2785.116 Safari/537.36"
[Fri Dec 02 2016 16:15:59 GMT+0100 (CET)] "[36mGET[39m [36m/reveal.js/css/print/paper.css[39m" "Mozilla/5.0 (X11; Linux x86_64) AppleWebKit/537.36 (KHTML, like Gecko) Chrome/53.0.2785.116 Safari/537.36"
[Fri Dec 02 2016 16:15:59 GMT+0100 (CET)] "[36mGET[39m [36m/reveal.js/lib/font/source-sans-pro/source-sans-pro-regular.woff[39m" "Mozilla/5.0 (X11; Linux x86_64) AppleWebKit/537.36 (KHTML, like Gecko) Chrome/53.0.2785.116 Safari/537.36"
[Fri Dec 02 2016 16:15:59 GMT+0100 (CET)] "[36mGET[39m [36m/reveal.js/lib/font/source-sans-pro/source-sans-pro-italic.woff[39m" "Mozilla/5.0 (X11; Linux x86_64) AppleWebKit/537.36 (KHTML, like Gecko) Chrome/53.0.2785.116 Safari/537.36"
[Fri Dec 02 2016 16:15:59 GMT+0100 (CET)] "[36mGET[39m [36m/reveal.js/plugin/zoom-js/zoom.js[39m" "Mozilla/5.0 (X11; Linux x86_64) AppleWebKit/537.36 (KHTML, like Gecko) Chrome/53.0.2785.116 Safari/537.36"
[Fri Dec 02 2016 16:15:59 GMT+0100 (CET)] "[36mGET[39m [36m/reveal.js/plugin/notes/notes.js[39m" "Mozilla/5.0 (X11; Linux x86_64) AppleWebKit/537.36 (KHTML, like Gecko) Chrome/53.0.2785.116 Safari/537.36"
[Fri Dec 02 2016 16:15:59 GMT+0100 (CET)] "[36mGET[39m [36m/reveal.js/lib/font/source-sans-pro/source-sans-pro-semibold.woff[39m" "Mozilla/5.0 (X11; Linux x86_64) AppleWebKit/537.36 (KHTML, like Gecko) Chrome/53.0.2785.116 Safari/537.36"
[Fri Dec 02 2016 16:15:59 GMT+0100 (CET)] "[36mGET[39m [36m/favicon.ico[39m" "Mozilla/5.0 (X11; Linux x86_64) AppleWebKit/537.36 (KHTML, like Gecko) Chrome/53.0.2785.116 Safari/537.36"
[Fri Dec 02 2016 16:15:59 GMT+0100 (CET)] "[31mGET[39m [31m/favicon.ico[39m" Error ([31m404[39m): "[31mNot found[39m"
[Fri Dec 02 2016 16:16:47 GMT+0100 (CET)] "[36mGET[39m [36m/[39m" "Mozilla/5.0 (X11; Linux x86_64) AppleWebKit/537.36 (KHTML, like Gecko) Chrome/53.0.2785.116 Safari/537.36"
[Fri Dec 02 2016 16:16:47 GMT+0100 (CET)] "[36mGET[39m [36m/reveal.js/css/reveal.css[39m" "Mozilla/5.0 (X11; Linux x86_64) AppleWebKit/537.36 (KHTML, like Gecko) Chrome/53.0.2785.116 Safari/537.36"
[Fri Dec 02 2016 16:16:47 GMT+0100 (CET)] "[36mGET[39m [36m/reveal.js/css/theme/black.css[39m" "Mozilla/5.0 (X11; Linux x86_64) AppleWebKit/537.36 (KHTML, like Gecko) Chrome/53.0.2785.116 Safari/537.36"
[Fri Dec 02 2016 16:16:47 GMT+0100 (CET)] "[36mGET[39m [36m/reveal.js/lib/css/zenburn.css[39m" "Mozilla/5.0 (X11; Linux x86_64) AppleWebKit/537.36 (KHTML, like Gecko) Chrome/53.0.2785.116 Safari/537.36"
[Fri Dec 02 2016 16:16:47 GMT+0100 (CET)] "[36mGET[39m [36m/reveal.js/lib/js/head.min.js[39m" "Mozilla/5.0 (X11; Linux x86_64) AppleWebKit/537.36 (KHTML, like Gecko) Chrome/53.0.2785.116 Safari/537.36"
[Fri Dec 02 2016 16:16:47 GMT+0100 (CET)] "[36mGET[39m [36m/reveal.js/lib/font/source-sans-pro/source-sans-pro.css[39m" "Mozilla/5.0 (X11; Linux x86_64) AppleWebKit/537.36 (KHTML, like Gecko) Chrome/53.0.2785.116 Safari/537.36"
[Fri Dec 02 2016 16:16:47 GMT+0100 (CET)] "[36mGET[39m [36m/reveal.js/js/reveal.js[39m" "Mozilla/5.0 (X11; Linux x86_64) AppleWebKit/537.36 (KHTML, like Gecko) Chrome/53.0.2785.116 Safari/537.36"
[Fri Dec 02 2016 16:16:47 GMT+0100 (CET)] "[36mGET[39m [36m/img/github.png[39m" "Mozilla/5.0 (X11; Linux x86_64) AppleWebKit/537.36 (KHTML, like Gecko) Chrome/53.0.2785.116 Safari/537.36"
[Fri Dec 02 2016 16:16:47 GMT+0100 (CET)] "[36mGET[39m [36m/img/Twitterbird.png[39m" "Mozilla/5.0 (X11; Linux x86_64) AppleWebKit/537.36 (KHTML, like Gecko) Chrome/53.0.2785.116 Safari/537.36"
[Fri Dec 02 2016 16:16:47 GMT+0100 (CET)] "[36mGET[39m [36m/img/logo-big.jpeg[39m" "Mozilla/5.0 (X11; Linux x86_64) AppleWebKit/537.36 (KHTML, like Gecko) Chrome/53.0.2785.116 Safari/537.36"
[Fri Dec 02 2016 16:16:47 GMT+0100 (CET)] "[36mGET[39m [36m/img/gatling_createQuickies.png[39m" "Mozilla/5.0 (X11; Linux x86_64) AppleWebKit/537.36 (KHTML, like Gecko) Chrome/53.0.2785.116 Safari/537.36"
[Fri Dec 02 2016 16:16:47 GMT+0100 (CET)] "[36mGET[39m [36m/reveal.js/css/print/paper.css[39m" "Mozilla/5.0 (X11; Linux x86_64) AppleWebKit/537.36 (KHTML, like Gecko) Chrome/53.0.2785.116 Safari/537.36"
[Fri Dec 02 2016 16:16:47 GMT+0100 (CET)] "[36mGET[39m [36m/reveal.js/lib/font/source-sans-pro/source-sans-pro-regular.woff[39m" "Mozilla/5.0 (X11; Linux x86_64) AppleWebKit/537.36 (KHTML, like Gecko) Chrome/53.0.2785.116 Safari/537.36"
[Fri Dec 02 2016 16:16:47 GMT+0100 (CET)] "[36mGET[39m [36m/reveal.js/lib/font/source-sans-pro/source-sans-pro-italic.woff[39m" "Mozilla/5.0 (X11; Linux x86_64) AppleWebKit/537.36 (KHTML, like Gecko) Chrome/53.0.2785.116 Safari/537.36"
[Fri Dec 02 2016 16:16:47 GMT+0100 (CET)] "[36mGET[39m [36m/reveal.js/plugin/zoom-js/zoom.js[39m" "Mozilla/5.0 (X11; Linux x86_64) AppleWebKit/537.36 (KHTML, like Gecko) Chrome/53.0.2785.116 Safari/537.36"
[Fri Dec 02 2016 16:16:47 GMT+0100 (CET)] "[36mGET[39m [36m/reveal.js/plugin/notes/notes.js[39m" "Mozilla/5.0 (X11; Linux x86_64) AppleWebKit/537.36 (KHTML, like Gecko) Chrome/53.0.2785.116 Safari/537.36"
[Fri Dec 02 2016 16:16:47 GMT+0100 (CET)] "[36mGET[39m [36m/reveal.js/lib/font/source-sans-pro/source-sans-pro-semibold.woff[39m" "Mozilla/5.0 (X11; Linux x86_64) AppleWebKit/537.36 (KHTML, like Gecko) Chrome/53.0.2785.116 Safari/537.36"
[Fri Dec 02 2016 16:16:47 GMT+0100 (CET)] "[36mGET[39m [36m/favicon.ico[39m" "Mozilla/5.0 (X11; Linux x86_64) AppleWebKit/537.36 (KHTML, like Gecko) Chrome/53.0.2785.116 Safari/537.36"
[Fri Dec 02 2016 16:16:47 GMT+0100 (CET)] "[31mGET[39m [31m/favicon.ico[39m" Error ([31m404[39m): "[31mNot found[39m"
[Fri Dec 02 2016 16:16:52 GMT+0100 (CET)] "[36mGET[39m [36m/reveal.js/plugin/notes/notes.html[39m" "Mozilla/5.0 (X11; Linux x86_64) AppleWebKit/537.36 (KHTML, like Gecko) Chrome/53.0.2785.116 Safari/537.36"
[Fri Dec 02 2016 16:16:52 GMT+0100 (CET)] "[36mGET[39m [36m/reveal.js/plugin/markdown/marked.js[39m" "Mozilla/5.0 (X11; Linux x86_64) AppleWebKit/537.36 (KHTML, like Gecko) Chrome/53.0.2785.116 Safari/537.36"
[Fri Dec 02 2016 16:16:53 GMT+0100 (CET)] "[36mGET[39m [36m/?receiver&progress=false&history=false&transition=none&autoSlide=0&backgroundTransition=none&postMessageEvents=true[39m" "Mozilla/5.0 (X11; Linux x86_64) AppleWebKit/537.36 (KHTML, like Gecko) Chrome/53.0.2785.116 Safari/537.36"
[Fri Dec 02 2016 16:16:53 GMT+0100 (CET)] "[36mGET[39m [36m/?receiver&progress=false&history=false&transition=none&autoSlide=0&backgroundTransition=none&controls=false[39m" "Mozilla/5.0 (X11; Linux x86_64) AppleWebKit/537.36 (KHTML, like Gecko) Chrome/53.0.2785.116 Safari/537.36"
[Fri Dec 02 2016 16:35:31 GMT+0100 (CET)] "[36mGET[39m [36m/[39m" "Mozilla/5.0 (X11; Linux x86_64) AppleWebKit/537.36 (KHTML, like Gecko) Ubuntu Chromium/53.0.2785.143 Chrome/53.0.2785.143 Safari/537.36"
[Fri Dec 02 2016 16:35:31 GMT+0100 (CET)] "[36mGET[39m [36m/reveal.js/css/reveal.css[39m" "Mozilla/5.0 (X11; Linux x86_64) AppleWebKit/537.36 (KHTML, like Gecko) Ubuntu Chromium/53.0.2785.143 Chrome/53.0.2785.143 Safari/537.36"
[Fri Dec 02 2016 16:35:31 GMT+0100 (CET)] "[36mGET[39m [36m/reveal.js/css/theme/black.css[39m" "Mozilla/5.0 (X11; Linux x86_64) AppleWebKit/537.36 (KHTML, like Gecko) Ubuntu Chromium/53.0.2785.143 Chrome/53.0.2785.143 Safari/537.36"
[Fri Dec 02 2016 16:35:31 GMT+0100 (CET)] "[36mGET[39m [36m/reveal.js/lib/css/zenburn.css[39m" "Mozilla/5.0 (X11; Linux x86_64) AppleWebKit/537.36 (KHTML, like Gecko) Ubuntu Chromium/53.0.2785.143 Chrome/53.0.2785.143 Safari/537.36"
[Fri Dec 02 2016 16:35:31 GMT+0100 (CET)] "[36mGET[39m [36m/reveal.js/lib/js/head.min.js[39m" "Mozilla/5.0 (X11; Linux x86_64) AppleWebKit/537.36 (KHTML, like Gecko) Ubuntu Chromium/53.0.2785.143 Chrome/53.0.2785.143 Safari/537.36"
[Fri Dec 02 2016 16:35:31 GMT+0100 (CET)] "[36mGET[39m [36m/reveal.js/js/reveal.js[39m" "Mozilla/5.0 (X11; Linux x86_64) AppleWebKit/537.36 (KHTML, like Gecko) Ubuntu Chromium/53.0.2785.143 Chrome/53.0.2785.143 Safari/537.36"
[Fri Dec 02 2016 16:35:31 GMT+0100 (CET)] "[36mGET[39m [36m/reveal.js/lib/font/source-sans-pro/source-sans-pro.css[39m" "Mozilla/5.0 (X11; Linux x86_64) AppleWebKit/537.36 (KHTML, like Gecko) Ubuntu Chromium/53.0.2785.143 Chrome/53.0.2785.143 Safari/537.36"
[Fri Dec 02 2016 16:35:31 GMT+0100 (CET)] "[36mGET[39m [36m/img/github.png[39m" "Mozilla/5.0 (X11; Linux x86_64) AppleWebKit/537.36 (KHTML, like Gecko) Ubuntu Chromium/53.0.2785.143 Chrome/53.0.2785.143 Safari/537.36"
[Fri Dec 02 2016 16:35:31 GMT+0100 (CET)] "[36mGET[39m [36m/img/Twitterbird.png[39m" "Mozilla/5.0 (X11; Linux x86_64) AppleWebKit/537.36 (KHTML, like Gecko) Ubuntu Chromium/53.0.2785.143 Chrome/53.0.2785.143 Safari/537.36"
[Fri Dec 02 2016 16:35:31 GMT+0100 (CET)] "[36mGET[39m [36m/img/logo-big.jpeg[39m" "Mozilla/5.0 (X11; Linux x86_64) AppleWebKit/537.36 (KHTML, like Gecko) Ubuntu Chromium/53.0.2785.143 Chrome/53.0.2785.143 Safari/537.36"
[Fri Dec 02 2016 16:35:31 GMT+0100 (CET)] "[36mGET[39m [36m/img/gatling_createQuickies.png[39m" "Mozilla/5.0 (X11; Linux x86_64) AppleWebKit/537.36 (KHTML, like Gecko) Ubuntu Chromium/53.0.2785.143 Chrome/53.0.2785.143 Safari/537.36"
[Fri Dec 02 2016 16:35:31 GMT+0100 (CET)] "[36mGET[39m [36m/reveal.js/css/print/paper.css[39m" "Mozilla/5.0 (X11; Linux x86_64) AppleWebKit/537.36 (KHTML, like Gecko) Ubuntu Chromium/53.0.2785.143 Chrome/53.0.2785.143 Safari/537.36"
[Fri Dec 02 2016 16:35:31 GMT+0100 (CET)] "[36mGET[39m [36m/reveal.js/plugin/zoom-js/zoom.js[39m" "Mozilla/5.0 (X11; Linux x86_64) AppleWebKit/537.36 (KHTML, like Gecko) Ubuntu Chromium/53.0.2785.143 Chrome/53.0.2785.143 Safari/537.36"
[Fri Dec 02 2016 16:35:31 GMT+0100 (CET)] "[36mGET[39m [36m/reveal.js/plugin/notes/notes.js[39m" "Mozilla/5.0 (X11; Linux x86_64) AppleWebKit/537.36 (KHTML, like Gecko) Ubuntu Chromium/53.0.2785.143 Chrome/53.0.2785.143 Safari/537.36"
[Fri Dec 02 2016 16:35:31 GMT+0100 (CET)] "[36mGET[39m [36m/reveal.js/lib/font/source-sans-pro/source-sans-pro-italic.woff[39m" "Mozilla/5.0 (X11; Linux x86_64) AppleWebKit/537.36 (KHTML, like Gecko) Ubuntu Chromium/53.0.2785.143 Chrome/53.0.2785.143 Safari/537.36"
[Fri Dec 02 2016 16:35:31 GMT+0100 (CET)] "[36mGET[39m [36m/reveal.js/lib/font/source-sans-pro/source-sans-pro-regular.woff[39m" "Mozilla/5.0 (X11; Linux x86_64) AppleWebKit/537.36 (KHTML, like Gecko) Ubuntu Chromium/53.0.2785.143 Chrome/53.0.2785.143 Safari/537.36"
[Fri Dec 02 2016 16:35:31 GMT+0100 (CET)] "[36mGET[39m [36m/reveal.js/lib/font/source-sans-pro/source-sans-pro-semibold.woff[39m" "Mozilla/5.0 (X11; Linux x86_64) AppleWebKit/537.36 (KHTML, like Gecko) Ubuntu Chromium/53.0.2785.143 Chrome/53.0.2785.143 Safari/537.36"
[Fri Dec 02 2016 16:35:31 GMT+0100 (CET)] "[36mGET[39m [36m/favicon.ico[39m" "Mozilla/5.0 (X11; Linux x86_64) AppleWebKit/537.36 (KHTML, like Gecko) Ubuntu Chromium/53.0.2785.143 Chrome/53.0.2785.143 Safari/537.36"
[Fri Dec 02 2016 16:35:32 GMT+0100 (CET)] "[31mGET[39m [31m/favicon.ico[39m" Error ([31m404[39m): "[31mNot found[39m"
[31mhttp-server stopped.[39m
